18-09-2024 18:06:26 - bot_logger - ERROR - wrapper - Вызов функции load_words_from_json с параметрами ('source/data/default_words.json', <BotUser id = 135777468, name = Иннокентий, created_at = 2024-09-18T13:05:14.947074+00:00, last_seen_at = 2024-09-18T13:05:14.947160+00:00>), {} вызвал ошибку load_words_from_json() missing 1 required positional argument: 'categories'
18-09-2024 18:12:37 - bot_logger - ERROR - wrapper - Вызов функции load_words_from_json с параметрами ('source/data/default_words.json', <BotUser id = 135777468, name = Иннокентий, created_at = 2024-09-18T13:10:19.118664+00:00, last_seen_at = 2024-09-18T13:10:19.118752+00:00>), {} вызвал ошибку load_words_from_json() missing 1 required positional argument: 'categories'
18-09-2024 18:18:15 - bot_logger - ERROR - wrapper - Вызов функции load_words_from_json с параметрами ('source/data/default_words.json', <BotUser id = 135777468, name = Иннокентий, created_at = 2024-09-18T13:17:21.713792+00:00, last_seen_at = 2024-09-18T13:17:21.713888+00:00>), {} вызвал ошибку 26 validation errors for list[WordDTO]
0.id
  Field required [type=missing, input_value={'eng_title': 'car', 'rus... 'автомобиль'}, input_type=dict]
    For further information visit https://errors.pydantic.dev/2.8/v/missing
0.user_id
  Field required [type=missing, input_value={'eng_title': 'car', 'rus... 'автомобиль'}, input_type=dict]
    For further information visit https://errors.pydantic.dev/2.8/v/missing
1.id
  Field required [type=missing, input_value={'eng_title': 'plane', 'r...itle': 'самолет'}, input_type=dict]
    For further information visit https://errors.pydantic.dev/2.8/v/missing
1.user_id
  Field required [type=missing, input_value={'eng_title': 'plane', 'r...itle': 'самолет'}, input_type=dict]
    For further information visit https://errors.pydantic.dev/2.8/v/missing
2.id
  Field required [type=missing, input_value={'eng_title': 'train', 'rus_title': 'поезд'}, input_type=dict]
    For further information visit https://errors.pydantic.dev/2.8/v/missing
2.user_id
  Field required [type=missing, input_value={'eng_title': 'train', 'rus_title': 'поезд'}, input_type=dict]
    For further information visit https://errors.pydantic.dev/2.8/v/missing
3.id
  Field required [type=missing, input_value={'eng_title': 'bus', 'rus...itle': 'автобус'}, input_type=dict]
    For further information visit https://errors.pydantic.dev/2.8/v/missing
3.user_id
  Field required [type=missing, input_value={'eng_title': 'bus', 'rus...itle': 'автобус'}, input_type=dict]
    For further information visit https://errors.pydantic.dev/2.8/v/missing
4.id
  Field required [type=missing, input_value={'eng_title': 'elephant', 'rus_title': 'слон'}, input_type=dict]
    For further information visit https://errors.pydantic.dev/2.8/v/missing
4.user_id
  Field required [type=missing, input_value={'eng_title': 'elephant', 'rus_title': 'слон'}, input_type=dict]
    For further information visit https://errors.pydantic.dev/2.8/v/missing
5.id
  Field required [type=missing, input_value={'eng_title': 'lion', 'rus_title': 'лев'}, input_type=dict]
    For further information visit https://errors.pydantic.dev/2.8/v/missing
5.user_id
  Field required [type=missing, input_value={'eng_title': 'lion', 'rus_title': 'лев'}, input_type=dict]
    For further information visit https://errors.pydantic.dev/2.8/v/missing
6.id
  Field required [type=missing, input_value={'eng_title': 'squirrel',...us_title': 'белка'}, input_type=dict]
    For further information visit https://errors.pydantic.dev/2.8/v/missing
6.user_id
  Field required [type=missing, input_value={'eng_title': 'squirrel',...us_title': 'белка'}, input_type=dict]
    For further information visit https://errors.pydantic.dev/2.8/v/missing
7.id
  Field required [type=missing, input_value={'eng_title': 'jeans', 'r..._title': 'джинсы'}, input_type=dict]
    For further information visit https://errors.pydantic.dev/2.8/v/missing
7.user_id
  Field required [type=missing, input_value={'eng_title': 'jeans', 'r..._title': 'джинсы'}, input_type=dict]
    For further information visit https://errors.pydantic.dev/2.8/v/missing
8.id
  Field required [type=missing, input_value={'eng_title': 'dress', 'r..._title': 'платье'}, input_type=dict]
    For further information visit https://errors.pydantic.dev/2.8/v/missing
8.user_id
  Field required [type=missing, input_value={'eng_title': 'dress', 'r..._title': 'платье'}, input_type=dict]
    For further information visit https://errors.pydantic.dev/2.8/v/missing
9.id
  Field required [type=missing, input_value={'eng_title': 'shirt', 'r...itle': 'рубашка'}, input_type=dict]
    For further information visit https://errors.pydantic.dev/2.8/v/missing
9.user_id
  Field required [type=missing, input_value={'eng_title': 'shirt', 'r...itle': 'рубашка'}, input_type=dict]
    For further information visit https://errors.pydantic.dev/2.8/v/missing
10.id
  Field required [type=missing, input_value={'eng_title': 'blue', 'rus_title': 'синий'}, input_type=dict]
    For further information visit https://errors.pydantic.dev/2.8/v/missing
10.user_id
  Field required [type=missing, input_value={'eng_title': 'blue', 'rus_title': 'синий'}, input_type=dict]
    For further information visit https://errors.pydantic.dev/2.8/v/missing
11.id
  Field required [type=missing, input_value={'eng_title': 'yellow', '..._title': 'желтый'}, input_type=dict]
    For further information visit https://errors.pydantic.dev/2.8/v/missing
11.user_id
  Field required [type=missing, input_value={'eng_title': 'yellow', '..._title': 'желтый'}, input_type=dict]
    For further information visit https://errors.pydantic.dev/2.8/v/missing
12.id
  Field required [type=missing, input_value={'eng_title': 'purple', '... 'фиолетовый'}, input_type=dict]
    For further information visit https://errors.pydantic.dev/2.8/v/missing
12.user_id
  Field required [type=missing, input_value={'eng_title': 'purple', '... 'фиолетовый'}, input_type=dict]
    For further information visit https://errors.pydantic.dev/2.8/v/missing
18-09-2024 18:20:12 - bot_logger - ERROR - wrapper - Вызов функции load_words_from_json с параметрами ('source/data/default_words.json', <BotUser id = 135777468, name = Иннокентий, created_at = 2024-09-18T13:19:57.707239+00:00, last_seen_at = 2024-09-18T13:19:57.707336+00:00>), {} вызвал ошибку 26 validation errors for list[WordDTO]
0.id
  Field required [type=missing, input_value={'eng_title': 'car', 'rus... 'автомобиль'}, input_type=dict]
    For further information visit https://errors.pydantic.dev/2.8/v/missing
0.user_id
  Field required [type=missing, input_value={'eng_title': 'car', 'rus... 'автомобиль'}, input_type=dict]
    For further information visit https://errors.pydantic.dev/2.8/v/missing
1.id
  Field required [type=missing, input_value={'eng_title': 'plane', 'r...itle': 'самолет'}, input_type=dict]
    For further information visit https://errors.pydantic.dev/2.8/v/missing
1.user_id
  Field required [type=missing, input_value={'eng_title': 'plane', 'r...itle': 'самолет'}, input_type=dict]
    For further information visit https://errors.pydantic.dev/2.8/v/missing
2.id
  Field required [type=missing, input_value={'eng_title': 'train', 'rus_title': 'поезд'}, input_type=dict]
    For further information visit https://errors.pydantic.dev/2.8/v/missing
2.user_id
  Field required [type=missing, input_value={'eng_title': 'train', 'rus_title': 'поезд'}, input_type=dict]
    For further information visit https://errors.pydantic.dev/2.8/v/missing
3.id
  Field required [type=missing, input_value={'eng_title': 'bus', 'rus...itle': 'автобус'}, input_type=dict]
    For further information visit https://errors.pydantic.dev/2.8/v/missing
3.user_id
  Field required [type=missing, input_value={'eng_title': 'bus', 'rus...itle': 'автобус'}, input_type=dict]
    For further information visit https://errors.pydantic.dev/2.8/v/missing
4.id
  Field required [type=missing, input_value={'eng_title': 'elephant', 'rus_title': 'слон'}, input_type=dict]
    For further information visit https://errors.pydantic.dev/2.8/v/missing
4.user_id
  Field required [type=missing, input_value={'eng_title': 'elephant', 'rus_title': 'слон'}, input_type=dict]
    For further information visit https://errors.pydantic.dev/2.8/v/missing
5.id
  Field required [type=missing, input_value={'eng_title': 'lion', 'rus_title': 'лев'}, input_type=dict]
    For further information visit https://errors.pydantic.dev/2.8/v/missing
5.user_id
  Field required [type=missing, input_value={'eng_title': 'lion', 'rus_title': 'лев'}, input_type=dict]
    For further information visit https://errors.pydantic.dev/2.8/v/missing
6.id
  Field required [type=missing, input_value={'eng_title': 'squirrel',...us_title': 'белка'}, input_type=dict]
    For further information visit https://errors.pydantic.dev/2.8/v/missing
6.user_id
  Field required [type=missing, input_value={'eng_title': 'squirrel',...us_title': 'белка'}, input_type=dict]
    For further information visit https://errors.pydantic.dev/2.8/v/missing
7.id
  Field required [type=missing, input_value={'eng_title': 'jeans', 'r..._title': 'джинсы'}, input_type=dict]
    For further information visit https://errors.pydantic.dev/2.8/v/missing
7.user_id
  Field required [type=missing, input_value={'eng_title': 'jeans', 'r..._title': 'джинсы'}, input_type=dict]
    For further information visit https://errors.pydantic.dev/2.8/v/missing
8.id
  Field required [type=missing, input_value={'eng_title': 'dress', 'r..._title': 'платье'}, input_type=dict]
    For further information visit https://errors.pydantic.dev/2.8/v/missing
8.user_id
  Field required [type=missing, input_value={'eng_title': 'dress', 'r..._title': 'платье'}, input_type=dict]
    For further information visit https://errors.pydantic.dev/2.8/v/missing
9.id
  Field required [type=missing, input_value={'eng_title': 'shirt', 'r...itle': 'рубашка'}, input_type=dict]
    For further information visit https://errors.pydantic.dev/2.8/v/missing
9.user_id
  Field required [type=missing, input_value={'eng_title': 'shirt', 'r...itle': 'рубашка'}, input_type=dict]
    For further information visit https://errors.pydantic.dev/2.8/v/missing
10.id
  Field required [type=missing, input_value={'eng_title': 'blue', 'rus_title': 'синий'}, input_type=dict]
    For further information visit https://errors.pydantic.dev/2.8/v/missing
10.user_id
  Field required [type=missing, input_value={'eng_title': 'blue', 'rus_title': 'синий'}, input_type=dict]
    For further information visit https://errors.pydantic.dev/2.8/v/missing
11.id
  Field required [type=missing, input_value={'eng_title': 'yellow', '..._title': 'желтый'}, input_type=dict]
    For further information visit https://errors.pydantic.dev/2.8/v/missing
11.user_id
  Field required [type=missing, input_value={'eng_title': 'yellow', '..._title': 'желтый'}, input_type=dict]
    For further information visit https://errors.pydantic.dev/2.8/v/missing
12.id
  Field required [type=missing, input_value={'eng_title': 'purple', '... 'фиолетовый'}, input_type=dict]
    For further information visit https://errors.pydantic.dev/2.8/v/missing
12.user_id
  Field required [type=missing, input_value={'eng_title': 'purple', '... 'фиолетовый'}, input_type=dict]
    For further information visit https://errors.pydantic.dev/2.8/v/missing
18-09-2024 18:22:09 - bot_logger - ERROR - wrapper - Вызов функции load_words_from_json с параметрами ('source/data/default_words.json', <BotUser id = 135777468, name = Иннокентий, created_at = 2024-09-18T13:21:55.509266+00:00, last_seen_at = 2024-09-18T13:21:55.509362+00:00>), {} вызвал ошибку 26 validation errors for list[WordDTO]
0.id
  Field required [type=missing, input_value={'eng_title': 'car', 'rus... 'автомобиль'}, input_type=dict]
    For further information visit https://errors.pydantic.dev/2.8/v/missing
0.user_id
  Field required [type=missing, input_value={'eng_title': 'car', 'rus... 'автомобиль'}, input_type=dict]
    For further information visit https://errors.pydantic.dev/2.8/v/missing
1.id
  Field required [type=missing, input_value={'eng_title': 'plane', 'r...itle': 'самолет'}, input_type=dict]
    For further information visit https://errors.pydantic.dev/2.8/v/missing
1.user_id
  Field required [type=missing, input_value={'eng_title': 'plane', 'r...itle': 'самолет'}, input_type=dict]
    For further information visit https://errors.pydantic.dev/2.8/v/missing
2.id
  Field required [type=missing, input_value={'eng_title': 'train', 'rus_title': 'поезд'}, input_type=dict]
    For further information visit https://errors.pydantic.dev/2.8/v/missing
2.user_id
  Field required [type=missing, input_value={'eng_title': 'train', 'rus_title': 'поезд'}, input_type=dict]
    For further information visit https://errors.pydantic.dev/2.8/v/missing
3.id
  Field required [type=missing, input_value={'eng_title': 'bus', 'rus...itle': 'автобус'}, input_type=dict]
    For further information visit https://errors.pydantic.dev/2.8/v/missing
3.user_id
  Field required [type=missing, input_value={'eng_title': 'bus', 'rus...itle': 'автобус'}, input_type=dict]
    For further information visit https://errors.pydantic.dev/2.8/v/missing
4.id
  Field required [type=missing, input_value={'eng_title': 'elephant', 'rus_title': 'слон'}, input_type=dict]
    For further information visit https://errors.pydantic.dev/2.8/v/missing
4.user_id
  Field required [type=missing, input_value={'eng_title': 'elephant', 'rus_title': 'слон'}, input_type=dict]
    For further information visit https://errors.pydantic.dev/2.8/v/missing
5.id
  Field required [type=missing, input_value={'eng_title': 'lion', 'rus_title': 'лев'}, input_type=dict]
    For further information visit https://errors.pydantic.dev/2.8/v/missing
5.user_id
  Field required [type=missing, input_value={'eng_title': 'lion', 'rus_title': 'лев'}, input_type=dict]
    For further information visit https://errors.pydantic.dev/2.8/v/missing
6.id
  Field required [type=missing, input_value={'eng_title': 'squirrel',...us_title': 'белка'}, input_type=dict]
    For further information visit https://errors.pydantic.dev/2.8/v/missing
6.user_id
  Field required [type=missing, input_value={'eng_title': 'squirrel',...us_title': 'белка'}, input_type=dict]
    For further information visit https://errors.pydantic.dev/2.8/v/missing
7.id
  Field required [type=missing, input_value={'eng_title': 'jeans', 'r..._title': 'джинсы'}, input_type=dict]
    For further information visit https://errors.pydantic.dev/2.8/v/missing
7.user_id
  Field required [type=missing, input_value={'eng_title': 'jeans', 'r..._title': 'джинсы'}, input_type=dict]
    For further information visit https://errors.pydantic.dev/2.8/v/missing
8.id
  Field required [type=missing, input_value={'eng_title': 'dress', 'r..._title': 'платье'}, input_type=dict]
    For further information visit https://errors.pydantic.dev/2.8/v/missing
8.user_id
  Field required [type=missing, input_value={'eng_title': 'dress', 'r..._title': 'платье'}, input_type=dict]
    For further information visit https://errors.pydantic.dev/2.8/v/missing
9.id
  Field required [type=missing, input_value={'eng_title': 'shirt', 'r...itle': 'рубашка'}, input_type=dict]
    For further information visit https://errors.pydantic.dev/2.8/v/missing
9.user_id
  Field required [type=missing, input_value={'eng_title': 'shirt', 'r...itle': 'рубашка'}, input_type=dict]
    For further information visit https://errors.pydantic.dev/2.8/v/missing
10.id
  Field required [type=missing, input_value={'eng_title': 'blue', 'rus_title': 'синий'}, input_type=dict]
    For further information visit https://errors.pydantic.dev/2.8/v/missing
10.user_id
  Field required [type=missing, input_value={'eng_title': 'blue', 'rus_title': 'синий'}, input_type=dict]
    For further information visit https://errors.pydantic.dev/2.8/v/missing
11.id
  Field required [type=missing, input_value={'eng_title': 'yellow', '..._title': 'желтый'}, input_type=dict]
    For further information visit https://errors.pydantic.dev/2.8/v/missing
11.user_id
  Field required [type=missing, input_value={'eng_title': 'yellow', '..._title': 'желтый'}, input_type=dict]
    For further information visit https://errors.pydantic.dev/2.8/v/missing
12.id
  Field required [type=missing, input_value={'eng_title': 'purple', '... 'фиолетовый'}, input_type=dict]
    For further information visit https://errors.pydantic.dev/2.8/v/missing
12.user_id
  Field required [type=missing, input_value={'eng_title': 'purple', '... 'фиолетовый'}, input_type=dict]
    For further information visit https://errors.pydantic.dev/2.8/v/missing
18-09-2024 18:30:47 - bot_logger - ERROR - wrapper - Вызов функции load_words_from_json с параметрами ('source/data/default_words.json',), {'user': <BotUser id = 135777468, name = Иннокентий, created_at = 2024-09-18T13:30:30.249471+00:00, last_seen_at = 2024-09-18T13:30:30.249559+00:00>} вызвал ошибку 13 validation errors for list[WordDTO]
0.id
  Field required [type=missing, input_value={'eng_title': 'car', 'rus... 'автомобиль'}, input_type=dict]
    For further information visit https://errors.pydantic.dev/2.8/v/missing
1.id
  Field required [type=missing, input_value={'eng_title': 'plane', 'r...itle': 'самолет'}, input_type=dict]
    For further information visit https://errors.pydantic.dev/2.8/v/missing
2.id
  Field required [type=missing, input_value={'eng_title': 'train', 'rus_title': 'поезд'}, input_type=dict]
    For further information visit https://errors.pydantic.dev/2.8/v/missing
3.id
  Field required [type=missing, input_value={'eng_title': 'bus', 'rus...itle': 'автобус'}, input_type=dict]
    For further information visit https://errors.pydantic.dev/2.8/v/missing
4.id
  Field required [type=missing, input_value={'eng_title': 'elephant', 'rus_title': 'слон'}, input_type=dict]
    For further information visit https://errors.pydantic.dev/2.8/v/missing
5.id
  Field required [type=missing, input_value={'eng_title': 'lion', 'rus_title': 'лев'}, input_type=dict]
    For further information visit https://errors.pydantic.dev/2.8/v/missing
6.id
  Field required [type=missing, input_value={'eng_title': 'squirrel',...us_title': 'белка'}, input_type=dict]
    For further information visit https://errors.pydantic.dev/2.8/v/missing
7.id
  Field required [type=missing, input_value={'eng_title': 'jeans', 'r..._title': 'джинсы'}, input_type=dict]
    For further information visit https://errors.pydantic.dev/2.8/v/missing
8.id
  Field required [type=missing, input_value={'eng_title': 'dress', 'r..._title': 'платье'}, input_type=dict]
    For further information visit https://errors.pydantic.dev/2.8/v/missing
9.id
  Field required [type=missing, input_value={'eng_title': 'shirt', 'r...itle': 'рубашка'}, input_type=dict]
    For further information visit https://errors.pydantic.dev/2.8/v/missing
10.id
  Field required [type=missing, input_value={'eng_title': 'blue', 'rus_title': 'синий'}, input_type=dict]
    For further information visit https://errors.pydantic.dev/2.8/v/missing
11.id
  Field required [type=missing, input_value={'eng_title': 'yellow', '..._title': 'желтый'}, input_type=dict]
    For further information visit https://errors.pydantic.dev/2.8/v/missing
12.id
  Field required [type=missing, input_value={'eng_title': 'purple', '... 'фиолетовый'}, input_type=dict]
    For further information visit https://errors.pydantic.dev/2.8/v/missing
18-09-2024 18:32:59 - bot_logger - ERROR - wrapper - Вызов функции load_words_from_json с параметрами ('source/data/default_words.json',), {'user': <BotUser id = 135777468, name = Иннокентий, created_at = 2024-09-18T13:32:48.311010+00:00, last_seen_at = 2024-09-18T13:32:48.311107+00:00>} вызвал ошибку 13 validation errors for list[WordDTO]
0.id
  Field required [type=missing, input_value={'eng_title': 'car', 'rus... 'автомобиль'}, input_type=dict]
    For further information visit https://errors.pydantic.dev/2.8/v/missing
1.id
  Field required [type=missing, input_value={'eng_title': 'plane', 'r...itle': 'самолет'}, input_type=dict]
    For further information visit https://errors.pydantic.dev/2.8/v/missing
2.id
  Field required [type=missing, input_value={'eng_title': 'train', 'rus_title': 'поезд'}, input_type=dict]
    For further information visit https://errors.pydantic.dev/2.8/v/missing
3.id
  Field required [type=missing, input_value={'eng_title': 'bus', 'rus...itle': 'автобус'}, input_type=dict]
    For further information visit https://errors.pydantic.dev/2.8/v/missing
4.id
  Field required [type=missing, input_value={'eng_title': 'elephant', 'rus_title': 'слон'}, input_type=dict]
    For further information visit https://errors.pydantic.dev/2.8/v/missing
5.id
  Field required [type=missing, input_value={'eng_title': 'lion', 'rus_title': 'лев'}, input_type=dict]
    For further information visit https://errors.pydantic.dev/2.8/v/missing
6.id
  Field required [type=missing, input_value={'eng_title': 'squirrel',...us_title': 'белка'}, input_type=dict]
    For further information visit https://errors.pydantic.dev/2.8/v/missing
7.id
  Field required [type=missing, input_value={'eng_title': 'jeans', 'r..._title': 'джинсы'}, input_type=dict]
    For further information visit https://errors.pydantic.dev/2.8/v/missing
8.id
  Field required [type=missing, input_value={'eng_title': 'dress', 'r..._title': 'платье'}, input_type=dict]
    For further information visit https://errors.pydantic.dev/2.8/v/missing
9.id
  Field required [type=missing, input_value={'eng_title': 'shirt', 'r...itle': 'рубашка'}, input_type=dict]
    For further information visit https://errors.pydantic.dev/2.8/v/missing
10.id
  Field required [type=missing, input_value={'eng_title': 'blue', 'rus_title': 'синий'}, input_type=dict]
    For further information visit https://errors.pydantic.dev/2.8/v/missing
11.id
  Field required [type=missing, input_value={'eng_title': 'yellow', '..._title': 'желтый'}, input_type=dict]
    For further information visit https://errors.pydantic.dev/2.8/v/missing
12.id
  Field required [type=missing, input_value={'eng_title': 'purple', '... 'фиолетовый'}, input_type=dict]
    For further information visit https://errors.pydantic.dev/2.8/v/missing
18-09-2024 18:34:35 - bot_logger - ERROR - wrapper - Вызов функции load_words_from_json с параметрами ('source/data/default_words.json',), {'user': <BotUser id = 135777468, name = Иннокентий, created_at = 2024-09-18T13:34:32.006954+00:00, last_seen_at = 2024-09-18T13:34:32.007050+00:00>} вызвал ошибку 13 validation errors for list[WordDTO]
0.id
  Field required [type=missing, input_value={'eng_title': 'car', 'rus... 'автомобиль'}, input_type=dict]
    For further information visit https://errors.pydantic.dev/2.8/v/missing
1.id
  Field required [type=missing, input_value={'eng_title': 'plane', 'r...itle': 'самолет'}, input_type=dict]
    For further information visit https://errors.pydantic.dev/2.8/v/missing
2.id
  Field required [type=missing, input_value={'eng_title': 'train', 'rus_title': 'поезд'}, input_type=dict]
    For further information visit https://errors.pydantic.dev/2.8/v/missing
3.id
  Field required [type=missing, input_value={'eng_title': 'bus', 'rus...itle': 'автобус'}, input_type=dict]
    For further information visit https://errors.pydantic.dev/2.8/v/missing
4.id
  Field required [type=missing, input_value={'eng_title': 'elephant', 'rus_title': 'слон'}, input_type=dict]
    For further information visit https://errors.pydantic.dev/2.8/v/missing
5.id
  Field required [type=missing, input_value={'eng_title': 'lion', 'rus_title': 'лев'}, input_type=dict]
    For further information visit https://errors.pydantic.dev/2.8/v/missing
6.id
  Field required [type=missing, input_value={'eng_title': 'squirrel',...us_title': 'белка'}, input_type=dict]
    For further information visit https://errors.pydantic.dev/2.8/v/missing
7.id
  Field required [type=missing, input_value={'eng_title': 'jeans', 'r..._title': 'джинсы'}, input_type=dict]
    For further information visit https://errors.pydantic.dev/2.8/v/missing
8.id
  Field required [type=missing, input_value={'eng_title': 'dress', 'r..._title': 'платье'}, input_type=dict]
    For further information visit https://errors.pydantic.dev/2.8/v/missing
9.id
  Field required [type=missing, input_value={'eng_title': 'shirt', 'r...itle': 'рубашка'}, input_type=dict]
    For further information visit https://errors.pydantic.dev/2.8/v/missing
10.id
  Field required [type=missing, input_value={'eng_title': 'blue', 'rus_title': 'синий'}, input_type=dict]
    For further information visit https://errors.pydantic.dev/2.8/v/missing
11.id
  Field required [type=missing, input_value={'eng_title': 'yellow', '..._title': 'желтый'}, input_type=dict]
    For further information visit https://errors.pydantic.dev/2.8/v/missing
12.id
  Field required [type=missing, input_value={'eng_title': 'purple', '... 'фиолетовый'}, input_type=dict]
    For further information visit https://errors.pydantic.dev/2.8/v/missing
18-09-2024 18:36:26 - bot_logger - ERROR - wrapper - Вызов функции load_words_from_json с параметрами ('source/data/default_words.json',), {'user': <BotUser id = 135777468, name = Иннокентий, created_at = 2024-09-18T13:35:36.441613+00:00, last_seen_at = 2024-09-18T13:35:36.441706+00:00>} вызвал ошибку 13 validation errors for list[WordDTO]
0.id
  Field required [type=missing, input_value={'eng_title': 'car', 'rus... 'автомобиль'}, input_type=dict]
    For further information visit https://errors.pydantic.dev/2.8/v/missing
1.id
  Field required [type=missing, input_value={'eng_title': 'plane', 'r...itle': 'самолет'}, input_type=dict]
    For further information visit https://errors.pydantic.dev/2.8/v/missing
2.id
  Field required [type=missing, input_value={'eng_title': 'train', 'rus_title': 'поезд'}, input_type=dict]
    For further information visit https://errors.pydantic.dev/2.8/v/missing
3.id
  Field required [type=missing, input_value={'eng_title': 'bus', 'rus...itle': 'автобус'}, input_type=dict]
    For further information visit https://errors.pydantic.dev/2.8/v/missing
4.id
  Field required [type=missing, input_value={'eng_title': 'elephant', 'rus_title': 'слон'}, input_type=dict]
    For further information visit https://errors.pydantic.dev/2.8/v/missing
5.id
  Field required [type=missing, input_value={'eng_title': 'lion', 'rus_title': 'лев'}, input_type=dict]
    For further information visit https://errors.pydantic.dev/2.8/v/missing
6.id
  Field required [type=missing, input_value={'eng_title': 'squirrel',...us_title': 'белка'}, input_type=dict]
    For further information visit https://errors.pydantic.dev/2.8/v/missing
7.id
  Field required [type=missing, input_value={'eng_title': 'jeans', 'r..._title': 'джинсы'}, input_type=dict]
    For further information visit https://errors.pydantic.dev/2.8/v/missing
8.id
  Field required [type=missing, input_value={'eng_title': 'dress', 'r..._title': 'платье'}, input_type=dict]
    For further information visit https://errors.pydantic.dev/2.8/v/missing
9.id
  Field required [type=missing, input_value={'eng_title': 'shirt', 'r...itle': 'рубашка'}, input_type=dict]
    For further information visit https://errors.pydantic.dev/2.8/v/missing
10.id
  Field required [type=missing, input_value={'eng_title': 'blue', 'rus_title': 'синий'}, input_type=dict]
    For further information visit https://errors.pydantic.dev/2.8/v/missing
11.id
  Field required [type=missing, input_value={'eng_title': 'yellow', '..._title': 'желтый'}, input_type=dict]
    For further information visit https://errors.pydantic.dev/2.8/v/missing
12.id
  Field required [type=missing, input_value={'eng_title': 'purple', '... 'фиолетовый'}, input_type=dict]
    For further information visit https://errors.pydantic.dev/2.8/v/missing
18-09-2024 18:38:28 - bot_logger - ERROR - wrapper - Вызов функции load_words_from_json с параметрами ('source/data/default_words.json',), {'user': <BotUser id = 135777468, name = Иннокентий, created_at = 2024-09-18T13:37:22.855254+00:00, last_seen_at = 2024-09-18T13:37:22.855337+00:00>} вызвал ошибку 13 validation errors for list[WordDTO]
0.id
  Field required [type=missing, input_value={'eng_title': 'car', 'rus... 'автомобиль'}, input_type=dict]
    For further information visit https://errors.pydantic.dev/2.8/v/missing
1.id
  Field required [type=missing, input_value={'eng_title': 'plane', 'r...itle': 'самолет'}, input_type=dict]
    For further information visit https://errors.pydantic.dev/2.8/v/missing
2.id
  Field required [type=missing, input_value={'eng_title': 'train', 'rus_title': 'поезд'}, input_type=dict]
    For further information visit https://errors.pydantic.dev/2.8/v/missing
3.id
  Field required [type=missing, input_value={'eng_title': 'bus', 'rus...itle': 'автобус'}, input_type=dict]
    For further information visit https://errors.pydantic.dev/2.8/v/missing
4.id
  Field required [type=missing, input_value={'eng_title': 'elephant', 'rus_title': 'слон'}, input_type=dict]
    For further information visit https://errors.pydantic.dev/2.8/v/missing
5.id
  Field required [type=missing, input_value={'eng_title': 'lion', 'rus_title': 'лев'}, input_type=dict]
    For further information visit https://errors.pydantic.dev/2.8/v/missing
6.id
  Field required [type=missing, input_value={'eng_title': 'squirrel',...us_title': 'белка'}, input_type=dict]
    For further information visit https://errors.pydantic.dev/2.8/v/missing
7.id
  Field required [type=missing, input_value={'eng_title': 'jeans', 'r..._title': 'джинсы'}, input_type=dict]
    For further information visit https://errors.pydantic.dev/2.8/v/missing
8.id
  Field required [type=missing, input_value={'eng_title': 'dress', 'r..._title': 'платье'}, input_type=dict]
    For further information visit https://errors.pydantic.dev/2.8/v/missing
9.id
  Field required [type=missing, input_value={'eng_title': 'shirt', 'r...itle': 'рубашка'}, input_type=dict]
    For further information visit https://errors.pydantic.dev/2.8/v/missing
10.id
  Field required [type=missing, input_value={'eng_title': 'blue', 'rus_title': 'синий'}, input_type=dict]
    For further information visit https://errors.pydantic.dev/2.8/v/missing
11.id
  Field required [type=missing, input_value={'eng_title': 'yellow', '..._title': 'желтый'}, input_type=dict]
    For further information visit https://errors.pydantic.dev/2.8/v/missing
12.id
  Field required [type=missing, input_value={'eng_title': 'purple', '... 'фиолетовый'}, input_type=dict]
    For further information visit https://errors.pydantic.dev/2.8/v/missing
18-09-2024 18:44:53 - bot_logger - ERROR - wrapper - Вызов функции load_words_from_json с параметрами ('source/data/default_words.json',), {'user': <BotUser id = 135777468, name = Иннокентий, created_at = 2024-09-18T13:44:01.141272+00:00, last_seen_at = 2024-09-18T13:44:01.141383+00:00>} вызвал ошибку 1 validation error for list[WordDTO]
  JSON input should be string, bytes or bytearray [type=json_type, input_value=[{'eng_title': 'car', 'ru...'фиолетовый'}], input_type=list]
    For further information visit https://errors.pydantic.dev/2.8/v/json_type
18-09-2024 18:57:15 - bot_logger - ERROR - wrapper - Вызов функции load_words_from_json с параметрами ('source/data/default_words.json',), {'user': <BotUser id = 135777468, name = Иннокентий, created_at = 2024-09-18T13:57:04.182206+00:00, last_seen_at = 2024-09-18T13:57:04.182293+00:00>} вызвал ошибку 1 validation error for list[WordDTO]
  JSON input should be string, bytes or bytearray [type=json_type, input_value=[{'eng_title': 'car', 'ru...'фиолетовый'}], input_type=list]
    For further information visit https://errors.pydantic.dev/2.8/v/json_type
18-09-2024 18:58:23 - bot_logger - ERROR - wrapper - Вызов функции load_words_from_json с параметрами ('source/data/default_words.json',), {'user': <BotUser id = 135777468, name = Иннокентий, created_at = 2024-09-18T13:57:55.670345+00:00, last_seen_at = 2024-09-18T13:57:55.670473+00:00>} вызвал ошибку 1 validation error for list[WordDTO]
  JSON input should be string, bytes or bytearray [type=json_type, input_value=[{'eng_title': 'car', 'ru...'фиолетовый'}], input_type=list]
    For further information visit https://errors.pydantic.dev/2.8/v/json_type
18-09-2024 19:00:17 - bot_logger - ERROR - wrapper - Вызов функции load_words_from_json с параметрами ('source/data/default_words.json',), {'user': <BotUser id = 135777468, name = Иннокентий, created_at = 2024-09-18T13:59:52.679046+00:00, last_seen_at = 2024-09-18T13:59:52.679139+00:00>} вызвал ошибку 13 validation errors for list[WordDTO]
0.id
  Field required [type=missing, input_value={'eng_title': 'car', 'rus... 'автомобиль'}, input_type=dict]
    For further information visit https://errors.pydantic.dev/2.8/v/missing
1.id
  Field required [type=missing, input_value={'eng_title': 'plane', 'r...itle': 'самолет'}, input_type=dict]
    For further information visit https://errors.pydantic.dev/2.8/v/missing
2.id
  Field required [type=missing, input_value={'eng_title': 'train', 'rus_title': 'поезд'}, input_type=dict]
    For further information visit https://errors.pydantic.dev/2.8/v/missing
3.id
  Field required [type=missing, input_value={'eng_title': 'bus', 'rus...itle': 'автобус'}, input_type=dict]
    For further information visit https://errors.pydantic.dev/2.8/v/missing
4.id
  Field required [type=missing, input_value={'eng_title': 'elephant', 'rus_title': 'слон'}, input_type=dict]
    For further information visit https://errors.pydantic.dev/2.8/v/missing
5.id
  Field required [type=missing, input_value={'eng_title': 'lion', 'rus_title': 'лев'}, input_type=dict]
    For further information visit https://errors.pydantic.dev/2.8/v/missing
6.id
  Field required [type=missing, input_value={'eng_title': 'squirrel',...us_title': 'белка'}, input_type=dict]
    For further information visit https://errors.pydantic.dev/2.8/v/missing
7.id
  Field required [type=missing, input_value={'eng_title': 'jeans', 'r..._title': 'джинсы'}, input_type=dict]
    For further information visit https://errors.pydantic.dev/2.8/v/missing
8.id
  Field required [type=missing, input_value={'eng_title': 'dress', 'r..._title': 'платье'}, input_type=dict]
    For further information visit https://errors.pydantic.dev/2.8/v/missing
9.id
  Field required [type=missing, input_value={'eng_title': 'shirt', 'r...itle': 'рубашка'}, input_type=dict]
    For further information visit https://errors.pydantic.dev/2.8/v/missing
10.id
  Field required [type=missing, input_value={'eng_title': 'blue', 'rus_title': 'синий'}, input_type=dict]
    For further information visit https://errors.pydantic.dev/2.8/v/missing
11.id
  Field required [type=missing, input_value={'eng_title': 'yellow', '..._title': 'желтый'}, input_type=dict]
    For further information visit https://errors.pydantic.dev/2.8/v/missing
12.id
  Field required [type=missing, input_value={'eng_title': 'purple', '... 'фиолетовый'}, input_type=dict]
    For further information visit https://errors.pydantic.dev/2.8/v/missing
